<?xml version="1.0" encoding="UTF-8"?>
<!-- Generated by org.testng.reporters.JUnitReportReporter -->
<testsuite hostname="ICPL11528" name="com.Utils.Orbitz.com.TakeScreensots" tests="1" failures="0" timestamp="9 Feb 2018 04:59:01 GMT" time="0.021" errors="0">
  <testcase name="test" time="0.021" classname="com.Utils.Orbitz.com.TakeScreensots"/>
</testsuite> <!-- com.Utils.Orbitz.com.TakeScreensots -->
